app/build.bak/outputs/mapping/release/seeds.txt
coil.fetch.HttpUriFetcher$Factory: coil.fetch.Fetcher create(android.net.Uri,coil.request.Options,coil.ImageLoader)
androidx.work.impl.diagnostics.DiagnosticsReceiver: DiagnosticsReceiver()
coil.disk.DiskLruCache$Editor: okio.Path file(int)
coil.request.DefinedRequestOptions: kotlinx.coroutines.CoroutineDispatcher getFetcherDispatcher()
coil.disk.DiskLruCache: long size()
coil.disk.DiskCache$Snapshot: coil.disk.DiskCache$Editor closeAndOpenEditor()
coil.request.ViewTargetRequestManager$dispose$1: java.lang.Object invoke(java.lang.Object,java.lang.Object)
coil.request.ImageRequest$Builder: coil.request.ImageRequest$Builder setParameter$default(coil.request.ImageRequest$Builder,java.lang.String,java.lang.Object,java.lang.String,int,java.lang.Object)
androidx.vectordrawable.graphics.drawable.VectorDrawableCompat$VGroup: float getPivotX()
coil.ImageLoader$Builder: coil.ImageLoader$Builder diskCache(coil.disk.DiskCache)
androidx.compose.foundation.text.Handle: androidx.compose.foundation.text.Handle valueOf(java.lang.String)
coil.transition.NoneTransition$Factory: NoneTransition$Factory()
coil.compose.SubcomposeAsyncImageKt: void SubcomposeAsyncImage-gl8XCv8(coil.compose.AsyncImageState,java.lang.String,androidx.compose.ui.Modifier,kotlin.jvm.functions.Function1,kotlin.jvm.functions.Function1,androidx.compose.ui.Alignment,androidx.compose.ui.layout.ContentScale,float,androidx.compose.ui.graphics.ColorFilter,int,boolean,kotlin.jvm.functions.Function3,androidx.compose.runtime.Composer,int,int,int)
kotlin.jvm.internal.FunctionReference: boolean isExternal()
coil.request.DefinedRequestOptions: androidx.lifecycle.Lifecycle getLifecycle()
dagger.hilt.android.internal.lifecycle.HiltWrapper_DefaultViewModelFactories_ActivityModule: HiltWrapper_DefaultViewModelFactories_ActivityModule()
coil.EventListener$Factory$Companion: EventListener$Factory$Companion()
coil.compose.AsyncImagePainter$State$Loading: boolean equals(java.lang.Object)
coil.disk.FaultHidingSink: void close()
coil.compose.ImageLoaderProvidableCompositionLocal: java.lang.String toString()
coil.size.Size: coil.size.Dimension getHeight()
coil.request.ImageRequest$Builder: coil.request.ImageRequest$Builder transformationDispatcher(kotlinx.coroutines.CoroutineDispatcher)
androidx.compose.ui.contentcapture.ContentCaptureEventType: androidx.compose.ui.contentcapture.ContentCaptureEventType[] values()
dagger.hilt.android.internal.lifecycle.RetainedLifecycleImpl: void throwIfOnClearedDispatched()
coil.util.Time: void reset()
coil.decode.DecodeResult: boolean equals(java.lang.Object)
coil.memory.StrongMemoryCache: void set(coil.memory.MemoryCache$Key,android.graphics.Bitmap,java.util.Map)
coil.compose.ConstraintsSizeResolver$size$$inlined$mapNotNull$1$2: ConstraintsSizeResolver$size$$inlined$mapNotNull$1$2(kotlinx.coroutines.flow.FlowCollector)
dagger.hilt.android.internal.managers.ActivityRetainedComponentManager$LifecycleModule: dagger.hilt.android.ActivityRetainedLifecycle provideActivityRetainedLifecycle()
androidx.sqlite.db.framework.FrameworkSQLiteOpenHelper$OpenHelper$CallbackName: androidx.sqlite.db.framework.FrameworkSQLiteOpenHelper$OpenHelper$CallbackName valueOf(java.lang.String)
coil.request.DefaultRequestOptions: boolean getAllowRgb565()
coil.request.RequestDelegate: void dispose()
androidx.appcompat.widget.AppCompatAutoCompleteTextView: void setKeyListener(android.text.method.KeyListener)
androidx.compose.ui.input.pointer.PointerInputEventHandler: java.lang.Object invoke(androidx.compose.ui.input.pointer.PointerInputScope,kotlin.coroutines.Continuation)
kotlinx.coroutines.channels.BufferOverflow: kotlinx.coroutines.channels.BufferOverflow[] values()
androidx.appcompat.widget.ActionBarOverlayLayout: void setLogo(int)
coil.memory.WeakMemoryCache: void clearMemory()
coil.ImageLoader$Builder: coil.ImageLoader$Builder respectCacheHeaders(boolean)
androidx.core.view.WindowInsetsCompat$Impl30: void copyRootViewBounds(android.view.View)