app/build.bak/outputs/mapping/release/usage.txt
androidx.compose.material3.ComposableSingletons$SearchBar_androidKt$lambda-1$1
androidx.compose.material3.ComposableSingletons$SearchBar_androidKt$lambda-2$1
androidx.compose.material3.ComposableSingletons$SearchBar_androidKt
androidx.compose.material3.ComposableSingletons$SegmentedButtonKt$lambda-1$1
androidx.compose.material3.ComposableSingletons$SegmentedButtonKt
androidx.compose.material3.ComposableSingletons$SnackbarHostKt$lambda-1$1
androidx.compose.material3.ComposableSingletons$SnackbarHostKt
androidx.compose.material3.ComposableSingletons$SnackbarKt$lambda-1$1
androidx.compose.material3.ComposableSingletons$SnackbarKt
androidx.compose.material3.ComposableSingletons$TabRowKt$lambda-1$1
androidx.compose.material3.ComposableSingletons$TabRowKt$lambda-2$1
androidx.compose.material3.ComposableSingletons$TabRowKt$lambda-3$1
androidx.compose.material3.ComposableSingletons$TabRowKt$lambda-4$1
androidx.compose.material3.ComposableSingletons$TabRowKt$lambda-5$1
androidx.compose.material3.ComposableSingletons$TabRowKt$lambda-6$1
androidx.compose.material3.ComposableSingletons$TabRowKt$lambda-7$1
androidx.compose.material3.ComposableSingletons$TabRowKt
androidx.compose.material3.ComposableSingletons$TimePickerKt$lambda-1$1
androidx.compose.material3.ComposableSingletons$TimePickerKt$lambda-2$1
androidx.compose.material3.ComposableSingletons$TimePickerKt
androidx.compose.material3.DateInputKt$DateInputContent$2$1$1
androidx.compose.material3.DateInputKt$DateInputContent$2
androidx.compose.material3.DateInputKt$DateInputContent$3$1
androidx.compose.material3.DateInputKt$DateInputContent$3
androidx.compose.material3.DateInputKt$DateInputContent$4
androidx.compose.material3.DateInputKt$DateInputTextField$1$1
androidx.compose.material3.DateInputKt$DateInputTextField$2$1
androidx.compose.material3.DateInputKt$DateInputTextField$3
androidx.compose.material3.DateInputKt$DateInputTextField$4
androidx.compose.material3.DateInputKt$DateInputTextField$errorText$1
androidx.compose.material3.DateInputKt$DateInputTextField$text$2$1
androidx.compose.material3.DateInputKt
androidx.compose.material3.DateInputValidator
androidx.compose.material3.DatePickerColors$copy$25
androidx.compose.material3.DatePickerColors
androidx.compose.material3.DatePickerDefaults$AllDates$1
androidx.compose.material3.DatePickerDefaults$DatePickerHeadline$1$1
androidx.compose.material3.DatePickerDefaults$DatePickerHeadline$2
androidx.compose.material3.DatePickerDefaults$DatePickerTitle$1
androidx.compose.material3.DatePickerDefaults$rememberSnapFlingBehavior$1$snapLayoutInfoProvider$1
androidx.compose.material3.DatePickerDefaults
androidx.compose.material3.DatePickerDialog_androidKt$DatePickerDialog$1$1$1$2$1$1
androidx.compose.material3.DatePickerDialog_androidKt$DatePickerDialog$1$1$1$2$1
androidx.compose.material3.DatePickerDialog_androidKt$DatePickerDialog$1$1
androidx.compose.material3.DatePickerDialog_androidKt$DatePickerDialog$1
androidx.compose.material3.DatePickerDialog_androidKt$DatePickerDialog$2
androidx.compose.material3.DatePickerDialog_androidKt
androidx.compose.material3.DatePickerFormatter
androidx.compose.material3.DatePickerFormatterImpl
androidx.compose.material3.DatePickerKt$DateEntryContainer$1
androidx.compose.material3.DatePickerKt$DateEntryContainer$2$1$1$1$1
androidx.compose.material3.DatePickerKt$DateEntryContainer$2$1
androidx.compose.material3.DatePickerKt$DateEntryContainer$3
androidx.compose.material3.DatePickerKt$DatePicker$2
androidx.compose.material3.DatePickerKt$DatePicker$3
androidx.compose.material3.DatePickerKt$DatePicker$4$1$1
androidx.compose.material3.DatePickerKt$DatePicker$4
androidx.compose.material3.DatePickerKt$DatePicker$5$1$1
androidx.compose.material3.DatePickerKt$DatePicker$5$2$1
androidx.compose.material3.DatePickerKt$DatePicker$5
androidx.compose.material3.DatePickerKt$DatePicker$6
androidx.compose.material3.DatePickerKt$DatePickerContent$1$1
androidx.compose.material3.DatePickerKt$DatePickerContent$2$1$1$1